<?xml version="1.0" encoding="UTF-8"?>
<!-- Generated by org.testng.reporters.JUnitReportReporter -->
<testsuite skipped="0" hostname="DESKTOP-CNI2JKL" name="com.salesforce.CreateTrialAccountTest" tests="1" failures="0" timestamp="2022-04-13T03:19:21 PDT" time="25.390" errors="0">
  <testcase name="loginTest" time="25.390" classname="com.salesforce.CreateTrialAccountTest"/>
  <system-out/>
</testsuite> <!-- com.salesforce.CreateTrialAccountTest -->
