<?xml version="1.0" encoding="UTF-8"?>
<!-- Generated by org.testng.reporters.JUnitReportReporter -->
<testsuite skipped="0" hostname="DESKTOP-CNI2JKL" name="com.salesforce.LoginTest" tests="1" failures="0" timestamp="2022-04-08T14:47:27 PDT" time="25.470" errors="0">
  <testcase name="loginTest" time="25.470" classname="com.salesforce.LoginTest"/>
  <system-out/>
</testsuite> <!-- com.salesforce.LoginTest -->
